0 info it worked if it ends with ok
1 verbose cli [ '/usr/local/bin/node', '/usr/local/bin/npm', 'run', 'lint' ]
2 info using npm@3.10.10
3 info using node@v7.2.1
4 verbose run-script [ 'prelint', 'lint', 'postlint' ]
5 info lifecycle maps@0.0.1~prelint: maps@0.0.1
6 silly lifecycle maps@0.0.1~prelint: no script for prelint, continuing
7 info lifecycle maps@0.0.1~lint: maps@0.0.1
8 verbose lifecycle maps@0.0.1~lint: unsafe-perm in lifecycle true
9 verbose lifecycle maps@0.0.1~lint: PATH: /usr/local/lib/node_modules/npm/bin/node-gyp-bin:/Users/andrewjones/Documents/codePen/react/RelayMapToDo/node_modules/.bin:/Users/andrewjones/.local/bin:/Users/andrewjones/Documents/apache-jmeter-3.1/bin:/Users/andrewjones/miniconda2/bin:/Applications/scala/bin:/Library/Frameworks/Python.framework/Versions/3.5/bin:/Users/andrewjones/.rbenv/shims:/usr/local/bin:/usr/bin:/bin:/usr/sbin:/sbin:/opt/X11/bin:/usr/local/git/bin:/Library/Frameworks/Mono.framework/Versions/Current/Commands
10 verbose lifecycle maps@0.0.1~lint: CWD: /Users/andrewjones/Documents/codePen/react/RelayMapToDo
11 silly lifecycle maps@0.0.1~lint: Args: [ '-c', 'eslint --ignore-pattern test.* ./src ' ]
12 silly lifecycle maps@0.0.1~lint: Returned: code: 1  signal: null
13 info lifecycle maps@0.0.1~lint: Failed to exec lint script
14 verbose stack Error: maps@0.0.1 lint: `eslint --ignore-pattern test.* ./src `
14 verbose stack Exit status 1
14 verbose stack     at EventEmitter.<anonymous> (/usr/local/lib/node_modules/npm/lib/utils/lifecycle.js:255:16)
14 verbose stack     at emitTwo (events.js:106:13)
14 verbose stack     at EventEmitter.emit (events.js:191:7)
14 verbose stack     at ChildProcess.<anonymous> (/usr/local/lib/node_modules/npm/lib/utils/spawn.js:40:14)
14 verbose stack     at emitTwo (events.js:106:13)
14 verbose stack     at ChildProcess.emit (events.js:191:7)
14 verbose stack     at maybeClose (internal/child_process.js:885:16)
14 verbose stack     at Process.ChildProcess._handle.onexit (internal/child_process.js:226:5)
15 verbose pkgid maps@0.0.1
16 verbose cwd /Users/andrewjones/Documents/codePen/react/RelayMapToDo
17 error Darwin 16.5.0
18 error argv "/usr/local/bin/node" "/usr/local/bin/npm" "run" "lint"
19 error node v7.2.1
20 error npm  v3.10.10
21 error code ELIFECYCLE
22 error maps@0.0.1 lint: `eslint --ignore-pattern test.* ./src `
22 error Exit status 1
23 error Failed at the maps@0.0.1 lint script 'eslint --ignore-pattern test.* ./src '.
23 error Make sure you have the latest version of node.js and npm installed.
23 error If you do, this is most likely a problem with the maps package,
23 error not with npm itself.
23 error Tell the author that this fails on your system:
23 error     eslint --ignore-pattern test.* ./src
23 error You can get information on how to open an issue for this project with:
23 error     npm bugs maps
23 error Or if that isn't available, you can get their info via:
23 error     npm owner ls maps
23 error There is likely additional logging output above.
24 verbose exit [ 1, true ]
